New log file opened at Thu Aug 20 12:04:21 CST 2015 by 6600@userpc
Sending msg to client activator-65a01eb5-ddcb-4e9f-a3bf-905ccfbba50a: DetachedLogEvent(LogMessage(debug,sbt server socket logs are in: D:\home\projects\sunshinehk_admin\test\play-silhouette-seed\.sbtserver\connections\master.log))
Sending msg to client activator-65a01eb5-ddcb-4e9f-a3bf-905ccfbba50a: DetachedLogEvent(LogMessage(debug,sbt general server logs are in: D:\home\projects\sunshinehk_admin\test\play-silhouette-seed\.sbtserver\master.log))
Sending msg to client activator-65a01eb5-ddcb-4e9f-a3bf-905ccfbba50a: DetachedLogEvent(LogMessage(debug,sbt client logs are in: D:\home\projects\sunshinehk_admin\test\play-silhouette-seed\.sbtserver\connections\activator-65a01eb5-ddcb-4e9f-a3bf-905ccfbba50a.log))
Reading next message from client.
Got request: ListenToEvents()
Sending msg to client activator-65a01eb5-ddcb-4e9f-a3bf-905ccfbba50a: DetachedLogEvent(LogMessage(debug,> --initialize))
Sending msg to client activator-65a01eb5-ddcb-4e9f-a3bf-905ccfbba50a: (3,ReceivedResponse())
Reading next message from client.
Got request: ListenToBuildChange()
Reading next message from client.
Got request: SendSyntheticBuildChanged()
Reading next message from client.
Got request: KeyLookupRequest(discoveredMainClasses)
Reading next message from client.
Got request: KeyLookupRequest(mainClass)
Reading next message from client.
Sending msg to client activator-65a01eb5-ddcb-4e9f-a3bf-905ccfbba50a: DetachedLogEvent(LogMessage(debug,> initialize))
Sending msg to client activator-65a01eb5-ddcb-4e9f-a3bf-905ccfbba50a: DetachedLogEvent(LogMessage(debug,> onFailure load-failed))
Sending msg to client activator-65a01eb5-ddcb-4e9f-a3bf-905ccfbba50a: DetachedLogEvent(LogMessage(debug,> boot))
Sending msg to client activator-65a01eb5-ddcb-4e9f-a3bf-905ccfbba50a: DetachedLogEvent(LogMessage(debug,> reload))
Sending msg to client activator-65a01eb5-ddcb-4e9f-a3bf-905ccfbba50a: DetachedLogEvent(LogMessage(debug,[Loading] Scanning directory D:\home\projects\sunshinehk_admin\test\play-silhouette-seed\project))
Sending msg to client activator-65a01eb5-ddcb-4e9f-a3bf-905ccfbba50a: DetachedLogEvent(LogMessage(debug,[Loading] Found non-root projects ))
Sending msg to client activator-65a01eb5-ddcb-4e9f-a3bf-905ccfbba50a: DetachedLogEvent(LogMessage(debug,[Loading] Done in D:\home\projects\sunshinehk_admin\test\play-silhouette-seed\project, returning: ()))
Sending msg to client activator-65a01eb5-ddcb-4e9f-a3bf-905ccfbba50a: DetachedLogEvent(LogMessage(debug,deducing auto plugins based on known facts Set(Atom(sbt.plugins.CorePlugin)) and clauses Clauses(List(Clause(Atom(sbt.plugins.JvmPlugin),Set(Atom(sbt.plugins.IvyPlugin))), Clause(Atom(sbt.plugins.JUnitXmlReportPlugin),Set(Atom(sbt.plugins.JvmPlugin))), Clause(Atom(sbt.plugins.CorePlugin),Set(Atom(sbt.plugins.IvyPlugin))), Clause(Atom(sbt.plugins.IvyPlugin),Set(Atom(sbt.plugins.JvmPlugin))), Clause(Atom(sbt.plugins.JvmPlugin),Set(Atom(sbt.plugins.JUnitXmlReportPlugin)))))))
Sending msg to client activator-65a01eb5-ddcb-4e9f-a3bf-905ccfbba50a: DetachedLogEvent(LogMessage(debug,  :: deduced result: Matched(sbt.plugins.CorePlugin,sbt.plugins.IvyPlugin,sbt.plugins.JvmPlugin,sbt.plugins.JUnitXmlReportPlugin)))
Sending msg to client activator-65a01eb5-ddcb-4e9f-a3bf-905ccfbba50a: DetachedLogEvent(LogMessage(debug,sorting: ns: List(sbt.plugins.CorePlugin, sbt.plugins.IvyPlugin, sbt.plugins.JvmPlugin, sbt.plugins.JUnitXmlReportPlugin)))
Sending msg to client activator-65a01eb5-ddcb-4e9f-a3bf-905ccfbba50a: DetachedLogEvent(LogMessage(debug,  :: sorting:: found: List(sbt.plugins.CorePlugin) not found List(sbt.plugins.IvyPlugin, sbt.plugins.JvmPlugin, sbt.plugins.JUnitXmlReportPlugin)))
Sending msg to client activator-65a01eb5-ddcb-4e9f-a3bf-905ccfbba50a: DetachedLogEvent(LogMessage(debug,  :: sorting:: found: List(sbt.plugins.CorePlugin, sbt.plugins.IvyPlugin) not found List(sbt.plugins.JvmPlugin, sbt.plugins.JUnitXmlReportPlugin)))
Sending msg to client activator-65a01eb5-ddcb-4e9f-a3bf-905ccfbba50a: DetachedLogEvent(LogMessage(debug,  :: sorting:: found: List(sbt.plugins.CorePlugin, sbt.plugins.IvyPlugin, sbt.plugins.JvmPlugin) not found List(sbt.plugins.JUnitXmlReportPlugin)))
Sending msg to client activator-65a01eb5-ddcb-4e9f-a3bf-905ccfbba50a: DetachedLogEvent(LogMessage(debug,  :: sorting:: found: List(sbt.plugins.CorePlugin, sbt.plugins.IvyPlugin, sbt.plugins.JvmPlugin, sbt.plugins.JUnitXmlReportPlugin) not found List()))
Sending msg to client activator-65a01eb5-ddcb-4e9f-a3bf-905ccfbba50a: DetachedLogEvent(LogMessage(debug,  :: sorted deduced result: List(sbt.plugins.CorePlugin, sbt.plugins.IvyPlugin, sbt.plugins.JvmPlugin, sbt.plugins.JUnitXmlReportPlugin)))
Sending msg to client activator-65a01eb5-ddcb-4e9f-a3bf-905ccfbba50a: DetachedLogEvent(LogMessage(debug,[Loading] Done in D:\home\projects\sunshinehk_admin\test\play-silhouette-seed\project, returning: (play-silhouette-seed-build)))
Sending msg to client activator-65a01eb5-ddcb-4e9f-a3bf-905ccfbba50a: DetachedLogEvent(LogTrace(IllegalArgumentException,URI has an authority component))
Sending msg to client activator-65a01eb5-ddcb-4e9f-a3bf-905ccfbba50a: DetachedLogEvent(LogMessage(error,java.lang.IllegalArgumentException: URI has an authority component))
Sending msg to client activator-65a01eb5-ddcb-4e9f-a3bf-905ccfbba50a: DetachedLogEvent(LogMessage(error,Use 'last' for the full log.))
Sending msg to client activator-65a01eb5-ddcb-4e9f-a3bf-905ccfbba50a: DetachedLogEvent(LogMessage(debug,> load-failed))
Sending msg to client activator-65a01eb5-ddcb-4e9f-a3bf-905ccfbba50a: DetachedLogEvent(LogMessage(error,Failed to load project.))
Sending msg to client activator-65a01eb5-ddcb-4e9f-a3bf-905ccfbba50a: BuildFailedToLoad()
Sending msg to client activator-65a01eb5-ddcb-4e9f-a3bf-905ccfbba50a: DetachedLogEvent(LogMessage(debug,> server-wait-for-reboot))
